

*******************************************************************************
Wed Oct 14 18:39:36 2020


FIT:    data read from "tiempos_ejerciciodesc.dat"
        format = z
        x range restricted to [-3873.02 : 996127.]
        #datapoints = 9961
        residuals are weighted equally (unit weight)

function used for fitting: f(x)
	f(x) = a*x + b
fitted parameters initialized with current variable values

iter      chisq       delta/lim  lambda   a             b            
   0 3.2949912830e+15   0.00e+00  4.07e+05    1.000000e+00   1.000000e+00
   9 2.0424034250e-08  -1.62e-10  4.07e-04    5.234335e-13   1.018266e-06

After 9 iterations the fit converged.
final sum of squares of residuals : 2.0424e-08
rel. change during last iteration : -1.62001e-15

degrees of freedom    (FIT_NDF)                        : 9959
rms of residuals      (FIT_STDFIT) = sqrt(WSSR/ndf)    : 1.43207e-06
variance of residuals (reduced chisquare) = WSSR/ndf   : 2.05081e-12

Final set of parameters            Asymptotic Standard Error
=======================            ==========================
a               = 5.23434e-13      +/- 4.99e-14     (9.533%)
b               = 1.01827e-06      +/- 2.87e-08     (2.818%)

correlation matrix of the fit parameters:
                a      b      
a               1.000 
b              -0.866  1.000 
