

*******************************************************************************
Thu Oct  1 18:12:17 2020


FIT:    data read from "tiempos_busqueda.dat"
        format = z
        #datapoints = 10000
        residuals are weighted equally (unit weight)

function used for fitting: f(x)
	f(x) = a*x + b
fitted parameters initialized with current variable values

iter      chisq       delta/lim  lambda   a             b            
   0 3.3338433307e+15   0.00e+00  4.08e+05    1.000000e+00   1.000000e+00
   8 2.6168931955e-03  -2.89e-03  4.08e-03    2.182963e-09   5.718596e-04

After 8 iterations the fit converged.
final sum of squares of residuals : 0.00261689
rel. change during last iteration : -2.89156e-08

degrees of freedom    (FIT_NDF)                        : 9998
rms of residuals      (FIT_STDFIT) = sqrt(WSSR/ndf)    : 0.000511607
variance of residuals (reduced chisquare) = WSSR/ndf   : 2.61742e-07

Final set of parameters            Asymptotic Standard Error
=======================            ==========================
a               = 2.18296e-09      +/- 1.772e-11    (0.8119%)
b               = 0.00057186       +/- 1.023e-05    (1.789%)

correlation matrix of the fit parameters:
                a      b      
a               1.000 
b              -0.866  1.000 


*******************************************************************************
Thu Oct  1 18:21:49 2020


FIT:    data read from "tiempos_ordenacion.dat"
        format = z
        #datapoints = 60
        residuals are weighted equally (unit weight)

function used for fitting: f(x)
	f(x) = a*x**2+b*x+c
fitted parameters initialized with current variable values

iter      chisq       delta/lim  lambda   a             b             c            
   0 9.4779953877e+18   0.00e+00  2.29e+08    1.000000e+00   1.000000e+00   1.000000e+00
  12 4.3020535162e-02  -9.44e-07  2.29e-04    2.255357e-09   4.058807e-06   7.204129e-03

After 12 iterations the fit converged.
final sum of squares of residuals : 0.0430205
rel. change during last iteration : -9.44336e-12

degrees of freedom    (FIT_NDF)                        : 57
rms of residuals      (FIT_STDFIT) = sqrt(WSSR/ndf)    : 0.0274726
variance of residuals (reduced chisquare) = WSSR/ndf   : 0.000754746

Final set of parameters            Asymptotic Standard Error
=======================            ==========================
a               = 2.25536e-09      +/- 5.291e-11    (2.346%)
b               = 4.05881e-06      +/- 1.624e-06    (40.01%)
c               = 0.00720413       +/- 0.01043      (144.8%)

correlation matrix of the fit parameters:
                a      b      c      
a               1.000 
b              -0.968  1.000 
c               0.738 -0.861  1.000 
