This is pdfTeX, Version 3.141592653-2.6-1.40.22 (TeX Live 2021/Arch Linux) (preloaded format=pdflatex 2021.12.27)  27 DEC 2021 23:21
entering extended mode
 restricted \write18 enabled.
 file:line:error style messages enabled.
 %&-line parsing enabled.
**"/home/adri/Documents/Ingenieria-Informatica/Tercer Curso/Primer Cuatrimestre/ISE/P3/p3_AdrianAcosaSanchez.tex"
(/home/adri/Documents/Ingenieria-Informatica/Tercer Curso/Primer Cuatrimestre/ISE/P3/p3_AdrianAcosaSanchez.tex
LaTeX2e <2020-10-01> patch level 4
L3 programming layer <2021-02-18> (/home/adri/Documents/Ingenieria-Informatica/Tercer Curso/Primer Cuatrimestre/ISE/P3/preambulo.tex (/usr/share/texmf-dist/tex/latex/koma-script/scrartcl.cls
Document Class: scrartcl 2021/03/17 v3.33 KOMA-Script document class (article)
(/usr/share/texmf-dist/tex/latex/koma-script/scrkbase.sty
Package: scrkbase 2021/03/17 v3.33 KOMA-Script package (KOMA-Script-dependent basics and keyval usage)
 (/usr/share/texmf-dist/tex/latex/koma-script/scrbase.sty
Package: scrbase 2021/03/17 v3.33 KOMA-Script package (KOMA-Script-independent basics and keyval usage)
 (/usr/share/texmf-dist/tex/latex/koma-script/scrlfile.sty
Package: scrlfile 2021/03/17 v3.33 KOMA-Script package (file load hooks)
 (/usr/share/texmf-dist/tex/latex/koma-script/scrlfile-hook.sty
Package: scrlfile-hook 2021/03/17 v3.33 KOMA-Script package (using LaTeX hooks)

LaTeX3 Info: Defining command \BeforeFile with sig. 'm' on line 61.


LaTeX3 Info: Defining command \AfterFile with sig. 'm' on line 65.


LaTeX3 Info: Defining command \BeforeClass with sig. 'm' on line 69.


LaTeX3 Info: Defining command \BeforePackage with sig. 'm' on line 73.


LaTeX3 Info: Defining command \AfterAtEndOfClass with sig. 'smo+m' on line 83.


LaTeX3 Info: Defining command \AfterAtEndOfPackage with sig. 'smo+m' on line
(LaTeX3)     93.


LaTeX3 Info: Defining command \scrlfile@AfterClass with sig. 'smo+m' on line
(LaTeX3)     173.


LaTeX3 Info: Defining command \AfterClass with sig. '' on line 174.


LaTeX3 Info: Defining command \scrlfile@AfterPackage with sig. 'smo+m' on line
(LaTeX3)     191.


LaTeX3 Info: Defining command \AfterPackage with sig. '' on line 192.


LaTeX3 Info: Defining command \ReplaceInput with sig. '' on line 193.


LaTeX3 Info: Defining command \ReplaceClass with sig. 'mm' on line 196.


LaTeX3 Info: Defining command \ReplacePackage with sig. 'mm' on line 199.


LaTeX3 Info: Defining command \UnReplaceInput with sig. '' on line 200.


LaTeX3 Info: Defining command \UnReplaceClass with sig. 'm' on line 203.


LaTeX3 Info: Defining command \UnReplacePackage with sig. 'mm' on line 206.


LaTeX3 Info: Defining command \PreventPackageFromLoading with sig. 's+om' on
(LaTeX3)     line 234.


LaTeX3 Info: Defining command \StorePreventPackageFromLoading with sig. 'm' on
(LaTeX3)     line 242.


LaTeX3 Info: Defining command \ResetPreventPackageFromLoading with sig. '' on
(LaTeX3)     line 247.


LaTeX3 Info: Defining command \UnPreventPackageFromLoading with sig. 'sm' on
(LaTeX3)     line 261.


LaTeX3 Info: Defining command \BeforeClosingMainAux with sig. 'om' on line
(LaTeX3)     274.


LaTeX3 Info: Defining command \AfterReadingMainAux with sig. 'om' on line 287.


LaTeX3 Info: Defining command \protected@immediate@write with sig. 'm+m+m' on
(LaTeX3)     line 298.

 (/usr/share/texmf-dist/tex/latex/koma-script/scrlogo.sty
Package: scrlogo 2021/03/17 v3.33 KOMA-Script package (logo)
))) (/usr/share/texmf-dist/tex/latex/graphics/keyval.sty
Package: keyval 2014/10/28 v1.15 key=value parser (DPC)
\KV@toks@=\toks15
)
Skipping: [2021/05/01] Usage of raw option list on input line 252.
Applying: [0000/00/00] compatibility for LaTeX before 2021/05/01 on input line 337.
)) (/usr/share/texmf-dist/tex/latex/koma-script/tocbasic.sty
Package: tocbasic 2021/03/17 v3.33 KOMA-Script package (handling toc-files)
\scr@dte@tocline@numberwidth=\skip47
\scr@dte@tocline@numbox=\box47
)
Package tocbasic Info: babel extension for `toc' omitted
(tocbasic)             because of missing \bbl@set@language on input line 135.
Class scrartcl Info: File `scrsize11pt.clo' used to setup font sizes on input line 2239.
 (/usr/share/texmf-dist/tex/latex/koma-script/scrsize11pt.clo
File: scrsize11pt.clo 2021/03/17 v3.33 KOMA-Script font size class option (11pt)
) (/usr/share/texmf-dist/tex/latex/koma-script/typearea.sty
Package: typearea 2021/03/17 v3.33 KOMA-Script package (type area)
\ta@bcor=\skip48
\ta@div=\count179
\ta@hblk=\skip49
\ta@vblk=\skip50
\ta@temp=\skip51
\footheight=\skip52
Package typearea Info: These are the values describing the layout:
(typearea)             DIV  = 10
(typearea)             BCOR = 0.0pt
(typearea)             \paperwidth      = 597.50793pt
(typearea)              \textwidth      = 418.25555pt
(typearea)              DIV departure   = -6%
(typearea)              \evensidemargin = 17.3562pt
(typearea)              \oddsidemargin  = 17.3562pt
(typearea)             \paperheight     = 845.04694pt
(typearea)              \textheight     = 595.80026pt
(typearea)              \topmargin      = -25.16531pt
(typearea)              \headheight     = 17.0pt
(typearea)              \headsep        = 20.40001pt
(typearea)              \topskip        = 11.0pt
(typearea)              \footskip       = 47.6pt
(typearea)              \baselineskip   = 13.6pt
(typearea)              on input line 1741.
)
\c@part=\count180
\c@section=\count181
\c@subsection=\count182
\c@subsubsection=\count183
\c@paragraph=\count184
\c@subparagraph=\count185
\scr@dte@section@maxnumwidth=\skip53
Class scrartcl Info: using compatibility default `runin=bysign'
(scrartcl)           for `\section on input line 4846.
Class scrartcl Info: using compatibility default `afterindent=bysign'
(scrartcl)           for `\section on input line 4846.
\scr@dte@part@maxnumwidth=\skip54
Class scrartcl Info: using compatibility default `afterindent=false'
(scrartcl)           for `\part on input line 4854.
\scr@dte@subsection@maxnumwidth=\skip55
Class scrartcl Info: using compatibility default `runin=bysign'
(scrartcl)           for `\subsection on input line 4864.
Class scrartcl Info: using compatibility default `afterindent=bysign'
(scrartcl)           for `\subsection on input line 4864.
\scr@dte@subsubsection@maxnumwidth=\skip56
Class scrartcl Info: using compatibility default `runin=bysign'
(scrartcl)           for `\subsubsection on input line 4874.
Class scrartcl Info: using compatibility default `afterindent=bysign'
(scrartcl)           for `\subsubsection on input line 4874.
\scr@dte@paragraph@maxnumwidth=\skip57
Class scrartcl Info: using compatibility default `runin=bysign'
(scrartcl)           for `\paragraph on input line 4885.
Class scrartcl Info: using compatibility default `afterindent=bysign'
(scrartcl)           for `\paragraph on input line 4885.
\scr@dte@subparagraph@maxnumwidth=\skip58
Class scrartcl Info: using compatibility default `runin=bysign'
(scrartcl)           for `\subparagraph on input line 4895.
Class scrartcl Info: using compatibility default `afterindent=bysign'
(scrartcl)           for `\subparagraph on input line 4895.
\abovecaptionskip=\skip59
\belowcaptionskip=\skip60
\c@pti@nb@sid@b@x=\box48
Package tocbasic Info: babel extension for `lof' omitted
(tocbasic)             because of missing \bbl@set@language on input line 6127.
\scr@dte@figure@maxnumwidth=\skip61
\c@figure=\count186
Package tocbasic Info: babel extension for `lot' omitted
(tocbasic)             because of missing \bbl@set@language on input line 6139.
\scr@dte@table@maxnumwidth=\skip62
\c@table=\count187
Class scrartcl Info: Redefining `\numberline' on input line 6303.
\bibindent=\dimen138
) (/usr/share/texmf-dist/tex/latex/base/fontenc.sty
Package: fontenc 2020/08/10 v2.0s Standard LaTeX package
) (/usr/share/texmf-dist/tex/latex/base/inputenc.sty
Package: inputenc 2020/08/01 v1.3d Input encoding file
\inpenc@prehook=\toks16
\inpenc@posthook=\toks17
) (/usr/share/texmf-dist/tex/generic/babel/babel.sty
Package: babel 2021/03/24 3.56 The Babel package
 (/usr/share/texmf-dist/tex/generic/babel/babel.def
File: babel.def 2021/03/24 3.56 Babel common definitions
\babel@savecnt=\count188
\U@D=\dimen139
\l@babelnohyphens=\language87
 (/usr/share/texmf-dist/tex/generic/babel/txtbabel.def)
\bbl@readstream=\read2
)
\bbl@dirlevel=\count189
 (/usr/share/texmf-dist/tex/generic/babel-spanish/spanish.ldf
Language: spanish.ldf 2016/03/03 v5.0p Spanish support from the babel system
\es@quottoks=\toks18
\es@quotdepth=\count190
Package babel Info: Making " an active character on input line 561.
Package babel Info: Making . an active character on input line 662.
Package babel Info: Making < an active character on input line 707.
Package babel Info: Making > an active character on input line 707.
)) (/usr/share/texmf-dist/tex/latex/csquotes/csquotes.sty
Package: csquotes 2021-02-22 v5.2l context-sensitive quotations (JAW)
 (/usr/share/texmf-dist/tex/latex/etoolbox/etoolbox.sty
Package: etoolbox 2020/10/05 v2.5k e-TeX tools for LaTeX (JAW)
\etb@tempcnta=\count191
)
\csq@reset=\count192
\csq@gtype=\count193
\csq@glevel=\count194
\csq@qlevel=\count195
\csq@maxlvl=\count196
\csq@tshold=\count197
\csq@ltx@everypar=\toks19
 (/usr/share/texmf-dist/tex/latex/csquotes/csquotes.def
File: csquotes.def 2021-02-22 v5.2l csquotes generic definitions (JAW)
)
Package csquotes Info: Trying to load configuration file 'csquotes.cfg'...
Package csquotes Info: ... configuration file loaded successfully.
 (/usr/share/texmf-dist/tex/latex/csquotes/csquotes.cfg
File: csquotes.cfg 
)) (/usr/share/texmf-dist/tex/latex/url/url.sty
\Urlmuskip=\muskip16
Package: url 2013/09/16  ver 3.4  Verb mode for urls, etc.
) (/usr/share/texmf-dist/tex/latex/hyperref/hyperref.sty
Package: hyperref 2021-02-27 v7.00k Hypertext links for LaTeX
 (/usr/share/texmf-dist/tex/generic/ltxcmds/ltxcmds.sty
Package: ltxcmds 2020-05-10 v1.25 LaTeX kernel commands for general use (HO)
) (/usr/share/texmf-dist/tex/generic/iftex/iftex.sty
Package: iftex 2020/03/06 v1.0d TeX engine tests
) (/usr/share/texmf-dist/tex/generic/pdftexcmds/pdftexcmds.sty
Package: pdftexcmds 2020-06-27 v0.33 Utility functions of pdfTeX for LuaTeX (HO)
 (/usr/share/texmf-dist/tex/generic/infwarerr/infwarerr.sty
Package: infwarerr 2019/12/03 v1.5 Providing info/warning/error messages (HO)
)
Package pdftexcmds Info: \pdf@primitive is available.
Package pdftexcmds Info: \pdf@ifprimitive is available.
Package pdftexcmds Info: \pdfdraftmode found.
) (/usr/share/texmf-dist/tex/generic/kvsetkeys/kvsetkeys.sty
Package: kvsetkeys 2019/12/15 v1.18 Key value parser (HO)
) (/usr/share/texmf-dist/tex/generic/kvdefinekeys/kvdefinekeys.sty
Package: kvdefinekeys 2019-12-19 v1.6 Define keys (HO)
) (/usr/share/texmf-dist/tex/generic/pdfescape/pdfescape.sty
Package: pdfescape 2019/12/09 v1.15 Implements pdfTeX's escape features (HO)
) (/usr/share/texmf-dist/tex/latex/hycolor/hycolor.sty
Package: hycolor 2020-01-27 v1.10 Color options for hyperref/bookmark (HO)
) (/usr/share/texmf-dist/tex/latex/letltxmacro/letltxmacro.sty
Package: letltxmacro 2019/12/03 v1.6 Let assignment for LaTeX macros (HO)
) (/usr/share/texmf-dist/tex/latex/auxhook/auxhook.sty
Package: auxhook 2019-12-17 v1.6 Hooks for auxiliary files (HO)
) (/usr/share/texmf-dist/tex/latex/kvoptions/kvoptions.sty
Package: kvoptions 2020-10-07 v3.14 Key value format for package options (HO)
)
\@linkdim=\dimen140
\Hy@linkcounter=\count198
\Hy@pagecounter=\count199
 (/usr/share/texmf-dist/tex/latex/hyperref/pd1enc.def
File: pd1enc.def 2021-02-27 v7.00k Hyperref: PDFDocEncoding definition (HO)
Now handling font encoding PD1 ...
... no UTF-8 mapping file for font encoding PD1
) (/usr/share/texmf-dist/tex/latex/hyperref/hyperref-langpatches.def
File: hyperref-langpatches.def 2021-02-27 v7.00k Hyperref: patches for babel languages
) (/usr/share/texmf-dist/tex/generic/intcalc/intcalc.sty
Package: intcalc 2019/12/15 v1.3 Expandable calculations with integers (HO)
) (/usr/share/texmf-dist/tex/generic/etexcmds/etexcmds.sty
Package: etexcmds 2019/12/15 v1.7 Avoid name clashes with e-TeX commands (HO)
)
\Hy@SavedSpaceFactor=\count266
 (/usr/share/texmf-dist/tex/latex/hyperref/puenc.def
File: puenc.def 2021-02-27 v7.00k Hyperref: PDF Unicode definition (HO)
Now handling font encoding PU ...
... no UTF-8 mapping file for font encoding PU
)
Package hyperref Info: Hyper figures OFF on input line 4192.
Package hyperref Info: Link nesting OFF on input line 4197.
Package hyperref Info: Hyper index ON on input line 4200.
Package hyperref Info: Plain pages OFF on input line 4207.
Package hyperref Info: Backreferencing OFF on input line 4212.
Package hyperref Info: Implicit mode ON; LaTeX internals redefined.
Package hyperref Info: Bookmarks ON on input line 4445.
\c@Hy@tempcnt=\count267
LaTeX Info: Redefining \url on input line 4804.
\XeTeXLinkMargin=\dimen141
 (/usr/share/texmf-dist/tex/generic/bitset/bitset.sty
Package: bitset 2019/12/09 v1.3 Handle bit-vector datatype (HO)
 (/usr/share/texmf-dist/tex/generic/bigintcalc/bigintcalc.sty
Package: bigintcalc 2019/12/15 v1.5 Expandable calculations on big integers (HO)
))
\Fld@menulength=\count268
\Field@Width=\dimen142
\Fld@charsize=\dimen143
Package hyperref Info: Hyper figures OFF on input line 6075.
Package hyperref Info: Link nesting OFF on input line 6080.
Package hyperref Info: Hyper index ON on input line 6083.
Package hyperref Info: backreferencing OFF on input line 6090.
Package hyperref Info: Link coloring OFF on input line 6095.
Package hyperref Info: Link coloring with OCG OFF on input line 6100.
Package hyperref Info: PDF/A mode OFF on input line 6105.
LaTeX Info: Redefining \ref on input line 6145.
LaTeX Info: Redefining \pageref on input line 6149.
 (/usr/share/texmf-dist/tex/latex/base/atbegshi-ltx.sty
Package: atbegshi-ltx 2020/08/17 v1.0a Emulation of the original atbegshi package
with kernel methods
)
\Hy@abspage=\count269
\c@Item=\count270
\c@Hfootnote=\count271
)
Package hyperref Info: Driver (autodetected): hpdftex.
 (/usr/share/texmf-dist/tex/latex/hyperref/hpdftex.def
File: hpdftex.def 2021-02-27 v7.00k Hyperref driver for pdfTeX
 (/usr/share/texmf-dist/tex/latex/base/atveryend-ltx.sty
Package: atveryend-ltx 2020/08/19 v1.0a Emulation of the original atvery package
with kernel methods
)
\Fld@listcount=\count272
\c@bookmark@seq@number=\count273
 (/usr/share/texmf-dist/tex/latex/rerunfilecheck/rerunfilecheck.sty
Package: rerunfilecheck 2019/12/05 v1.9 Rerun checks for auxiliary files (HO)
 (/usr/share/texmf-dist/tex/generic/uniquecounter/uniquecounter.sty
Package: uniquecounter 2019/12/15 v1.4 Provide unlimited unique counter (HO)
)
Package uniquecounter Info: New unique counter `rerunfilecheck' on input line 286.
)
\Hy@SectionHShift=\skip63
) (/usr/share/texmf-dist/tex/latex/graphics/color.sty
Package: color 2020/02/24 v1.2b Standard LaTeX Color (DPC)
 (/usr/share/texmf-dist/tex/latex/graphics-cfg/color.cfg
File: color.cfg 2016/01/02 v1.6 sample color configuration
)
Package color Info: Driver file: pdftex.def on input line 147.
 (/usr/share/texmf-dist/tex/latex/graphics-def/pdftex.def
File: pdftex.def 2020/10/05 v1.2a Graphics/color driver for pdftex
)) (/usr/share/texmf-dist/tex/latex/graphics/graphics.sty
Package: graphics 2020/08/30 v1.4c Standard LaTeX Graphics (DPC,SPQR)
 (/usr/share/texmf-dist/tex/latex/graphics/trig.sty
Package: trig 2016/01/03 v1.10 sin cos tan (DPC)
) (/usr/share/texmf-dist/tex/latex/graphics-cfg/graphics.cfg
File: graphics.cfg 2016/06/04 v1.11 sample graphics configuration
)
Package graphics Info: Driver file: pdftex.def on input line 105.
) (/usr/share/texmf-dist/tex/latex/graphics/graphicx.sty
Package: graphicx 2020/09/09 v1.2b Enhanced LaTeX Graphics (DPC,SPQR)
\Gin@req@height=\dimen144
\Gin@req@width=\dimen145
) (/usr/share/texmf-dist/tex/latex/floatrow/floatrow.sty
Package: floatrow 2008/08/02 v0.3b floatrow: float package extension
 (/usr/share/texmf-dist/tex/latex/caption/caption3.sty
Package: caption3 2020/10/21 v2.2e caption3 kernel (AR)
\captionmargin=\dimen146
\captionmargin@=\dimen147
\captionwidth=\dimen148
\caption@tempdima=\dimen149
\caption@indent=\dimen150
\caption@parindent=\dimen151
\caption@hangindent=\dimen152
Package caption Info: KOMA-Script document class detected.
 (/usr/share/texmf-dist/tex/latex/caption/caption-koma.sto
File: caption-koma.sto 2020/09/21 v2.0b Adaption of the caption package to the KOMA-Script document classes (AR)
))
\c@float@type=\count274
\float@exts=\toks20
\float@box=\box49
\@floatcapt=\box50
Package floatrow Info: Modified float package code loaded on input line 455.
Package floatrow Info: Modified rotfloat package code loaded on input line 473.
\FR@everyfloat=\toks21
\flrow@foot=\insert252
\FB@wd=\dimen153
\FBo@wd=\dimen154
\FBc@wd=\dimen155
\FBo@ht=\skip64
\FBc@ht=\skip65
\FBf@ht=\skip66
\FBo@max=\skip67
\FBc@max=\skip68
\FBf@max=\skip69
\c@FBl@b=\count275
\floatbox@depth=\count276
\c@FRobj=\count277
\c@FRsobj=\count278
\Xhsize=\skip70
\sXhsize=\skip71
\Zhsize=\skip72
\sZhsize=\skip73
\flrow@rowbox=\box51
\FR@Zunitlength=\dimen156
\c@FBcnt=\count279
\FPOScnt=\count280
\LTleft=\skip74
\LTright=\skip75
\LTleft=\skip76
\LTright=\skip77
\flrow@types=\toks22
) (/usr/share/texmf-dist/tex/latex/listings/listings.sty
\lst@mode=\count281
\lst@gtempboxa=\box52
\lst@token=\toks23
\lst@length=\count282
\lst@currlwidth=\dimen157
\lst@column=\count283
\lst@pos=\count284
\lst@lostspace=\dimen158
\lst@width=\dimen159
\lst@newlines=\count285
\lst@lineno=\count286
\lst@maxwidth=\dimen160
 (/usr/share/texmf-dist/tex/latex/listings/lstmisc.sty
File: lstmisc.sty 2020/03/24 1.8d (Carsten Heinz)
\c@lstnumber=\count287
\lst@skipnumbers=\count288
\lst@framebox=\box53
) (/usr/share/texmf-dist/tex/latex/listings/listings.cfg
File: listings.cfg 2020/03/24 1.8d listings configuration
))
Package: listings 2020/03/24 1.8d (Carsten Heinz)


Class scrartcl Warning: Usage of package `fancyhdr' together
(scrartcl)              with a KOMA-Script class is not recommended.
(scrartcl)              I'd suggest to use 
(scrartcl)              package `scrlayer' or `scrlayer-scrpage', because
(scrartcl)              they support KOMA-Script classes.
(scrartcl)              With `fancyhdr' several features of class `scrartcl'
(scrartcl)              like options `headsepline', `footsepline' or command
(scrartcl)              `\MakeMarkcase' and the commands `\setkomafont' and
(scrartcl)              `\addtokomafont' for the page style elements need
(scrartcl)              explicite user intervention to work.
(scrartcl)              Nevertheless, using requested
(scrartcl)              package `fancyhdr' on input line 41.

(/usr/share/texmf-dist/tex/latex/fancyhdr/fancyhdr.sty
Package: fancyhdr 2021/01/28 v4.0.1 Extensive control of page headers and footers
\f@nch@headwidth=\skip78
\f@nch@O@elh=\skip79
\f@nch@O@erh=\skip80
\f@nch@O@olh=\skip81
\f@nch@O@orh=\skip82
\f@nch@O@elf=\skip83
\f@nch@O@erf=\skip84
\f@nch@O@olf=\skip85
\f@nch@O@orf=\skip86
))
Package csquotes Info: Checking for multilingual support...
Package csquotes Info: ... found 'babel' package.
Package csquotes Info: Adjusting default style.
Package csquotes Info: Redefining alias 'default' -> 'spanish'.
 (/usr/share/texmf-dist/tex/latex/l3backend/l3backend-pdftex.def
File: l3backend-pdftex.def 2021-03-18 L3 backend support: PDF output (pdfTeX)
\l__color_backend_stack_int=\count289
\l__pdf_internal_box=\box54
) (/home/adri/Documents/Ingenieria-Informatica/Tercer Curso/Primer Cuatrimestre/ISE/P3/p3_AdrianAcosaSanchez.aux
LaTeX Info: Redefining \. on input line 27.
LaTeX Info: Redefining \% on input line 27.
)
\openout1 = `p3_AdrianAcosaSanchez.aux'.

LaTeX Font Info:    Checking defaults for OML/cmm/m/it on input line 23.
LaTeX Font Info:    ... okay on input line 23.
LaTeX Font Info:    Checking defaults for OMS/cmsy/m/n on input line 23.
LaTeX Font Info:    ... okay on input line 23.
LaTeX Font Info:    Checking defaults for OT1/cmr/m/n on input line 23.
LaTeX Font Info:    ... okay on input line 23.
LaTeX Font Info:    Checking defaults for T1/cmr/m/n on input line 23.
LaTeX Font Info:    ... okay on input line 23.
LaTeX Font Info:    Checking defaults for TS1/cmr/m/n on input line 23.
LaTeX Font Info:    ... okay on input line 23.
LaTeX Font Info:    Checking defaults for OMX/cmex/m/n on input line 23.
LaTeX Font Info:    ... okay on input line 23.
LaTeX Font Info:    Checking defaults for U/cmr/m/n on input line 23.
LaTeX Font Info:    ... okay on input line 23.
LaTeX Font Info:    Checking defaults for PD1/pdf/m/n on input line 23.
LaTeX Font Info:    ... okay on input line 23.
LaTeX Font Info:    Checking defaults for PU/pdf/m/n on input line 23.
LaTeX Font Info:    ... okay on input line 23.
LaTeX Info: Redefining \. on input line 23.
LaTeX Info: Redefining \% on input line 23.
Package hyperref Info: Link coloring OFF on input line 23.
 (/usr/share/texmf-dist/tex/latex/hyperref/nameref.sty
Package: nameref 2021-04-02 v2.47 Cross-referencing by name of section
 (/usr/share/texmf-dist/tex/latex/refcount/refcount.sty
Package: refcount 2019/12/15 v3.6 Data extraction from label references (HO)
) (/usr/share/texmf-dist/tex/generic/gettitlestring/gettitlestring.sty
Package: gettitlestring 2019/12/15 v1.6 Cleanup title references (HO)
)
\c@section@level=\count290
)
LaTeX Info: Redefining \ref on input line 23.
LaTeX Info: Redefining \pageref on input line 23.
LaTeX Info: Redefining \nameref on input line 23.
 (/home/adri/Documents/Ingenieria-Informatica/Tercer Curso/Primer Cuatrimestre/ISE/P3/p3_AdrianAcosaSanchez.out) (/home/adri/Documents/Ingenieria-Informatica/Tercer Curso/Primer Cuatrimestre/ISE/P3/p3_AdrianAcosaSanchez.out)
\@outlinefile=\write3
\openout3 = `p3_AdrianAcosaSanchez.out'.

Class scrartcl Info: loading recommended package `bookmark'.
(scrartcl)           Using `bookmark' together with `hyperref' is recommended,
(scrartcl)           because of handling of possible bookmark level gaps.
(scrartcl)           You can avoid loading `bookmark' with KOMA-Script option
(scrartcl)           `bookmarkpackage=false' before \begin{document} and
(scrartcl)           you can avoid this message adding:
(scrartcl)             \usepackage{bookmark}
(scrartcl)           before \begin{document} on input line 23.
Class scrartcl Info: temporary deactivation of babel-spanish quoting  on input line 23.
 (/usr/share/texmf-dist/tex/latex/bookmark/bookmark.sty
Package: bookmark 2020-11-06 v1.29 PDF bookmarks (HO)
 (/usr/share/texmf-dist/tex/latex/bookmark/bkm-pdftex.def
File: bkm-pdftex.def 2020-11-06 v1.29 bookmark driver for pdfTeX (HO)
\BKM@id=\count291
))
Class scrartcl Info: reactivation of babel-spanish quoting  on input line 23.
 (/usr/share/texmf-dist/tex/context/base/mkii/supp-pdf.mkii
[Loading MPS to PDF converter (version 2006.09.02).]
\scratchcounter=\count292
\scratchdimen=\dimen161
\scratchbox=\box55
\nofMPsegments=\count293
\nofMParguments=\count294
\everyMPshowfont=\toks24
\MPscratchCnt=\count295
\MPscratchDim=\dimen162
\MPnumerator=\count296
\makeMPintoPDFobject=\count297
\everyMPtoPDFconversion=\toks25
) (/usr/share/texmf-dist/tex/latex/epstopdf-pkg/epstopdf-base.sty
Package: epstopdf-base 2020-01-24 v2.11 Base part for package epstopdf
Package epstopdf-base Info: Redefining graphics rule for `.eps' on input line 485.
 (/usr/share/texmf-dist/tex/latex/latexconfig/epstopdf-sys.cfg
File: epstopdf-sys.cfg 2010/07/13 v1.3 Configuration of (r)epstopdf for TeX Live
))
Package caption Info: Begin \AtBeginDocument code.
Package caption Info: End \AtBeginDocument code.
\c@lstlisting=\count298
LaTeX Font Info:    Trying to load font information for T1+cmss on input line 26.
 (/usr/share/texmf-dist/tex/latex/base/t1cmss.fd
File: t1cmss.fd 2019/12/16 v2.5j Standard LaTeX font definitions
)
LaTeX Font Info:    External font `cmex10' loaded for size
(Font)              <14.4> on input line 26.
LaTeX Font Info:    External font `cmex10' loaded for size
(Font)              <7> on input line 26.
 [1


{/var/lib/texmf/fonts/map/pdftex/updmap/pdftex.map}] (/home/adri/Documents/Ingenieria-Informatica/Tercer Curso/Primer Cuatrimestre/ISE/P3/p3_AdrianAcosaSanchez.toc
LaTeX Info: Redefining \. on input line 1.
LaTeX Info: Redefining \% on input line 1.
Package tocbasic Info: Using my definition of `\numberline' on input line 2.
Package tocbasic Info: Using my definition of `\numberline' on input line 3.
LaTeX Font Info:    External font `cmex10' loaded for size
(Font)              <10.95> on input line 3.
LaTeX Font Info:    External font `cmex10' loaded for size
(Font)              <8> on input line 3.
LaTeX Font Info:    External font `cmex10' loaded for size
(Font)              <6> on input line 3.
Package tocbasic Info: Using my definition of `\numberline' on input line 4.
Package tocbasic Info: Using my definition of `\numberline' on input line 5.
Package tocbasic Info: Using my definition of `\numberline' on input line 6.
Package tocbasic Info: Using my definition of `\numberline' on input line 7.
Package tocbasic Info: Using my definition of `\numberline' on input line 8.
Package tocbasic Info: Using my definition of `\numberline' on input line 9.
Package tocbasic Info: Using my definition of `\numberline' on input line 10.
Package tocbasic Info: Using my definition of `\numberline' on input line 11.
Package tocbasic Info: Using my definition of `\numberline' on input line 12.
)
\tf@toc=\write4
\openout4 = `p3_AdrianAcosaSanchez.toc'.

 [2] (/usr/share/texmf-dist/tex/latex/listings/lstlang1.sty
File: lstlang1.sty 2020/03/24 1.8d listings language file
) (/usr/share/texmf-dist/tex/latex/listings/lstlang1.sty
File: lstlang1.sty 2020/03/24 1.8d listings language file
)
LaTeX Font Info:    Trying to load font information for T1+cmtt on input line 43.
 (/usr/share/texmf-dist/tex/latex/base/t1cmtt.fd
File: t1cmtt.fd 2019/12/16 v2.5j Standard LaTeX font definitions
)
<graphics/img1.png, id=43, 703.62875pt x 534.99875pt>
File: graphics/img1.png Graphic file (type png)
<use graphics/img1.png>
Package pdftex.def Info: graphics/img1.png  used on input line 51.
(pdftex.def)             Requested size: 281.4465pt x 213.9957pt.
<graphics/img2.png, id=44, 651.43375pt x 56.21pt>
File: graphics/img2.png Graphic file (type png)
<use graphics/img2.png>
Package pdftex.def Info: graphics/img2.png  used on input line 65.
(pdftex.def)             Requested size: 260.56888pt x 22.4836pt.
 [3 </home/adri/Documents/Ingenieria-Informatica/Tercer Curso/Primer Cuatrimestre/ISE/P3/graphics/img1.png> </home/adri/Documents/Ingenieria-Informatica/Tercer Curso/Primer Cuatrimestre/ISE/P3/graphics/img2.png>] [4]
<graphics/img3.png, id=75, 803.0pt x 256.96pt>
File: graphics/img3.png Graphic file (type png)
<use graphics/img3.png>
Package pdftex.def Info: graphics/img3.png  used on input line 127.
(pdftex.def)             Requested size: 401.49902pt x 128.47968pt.

Overfull \hbox (36.68115pt too wide) in paragraph at lines 143--144
[][][][][][][][][][][][][][][][][][][][] 
 []


Overfull \hbox (2.73065pt too wide) in paragraph at lines 144--145
[][][][][][][][][][][][][][][][][] 
 []

<graphics/img4.png, id=76, 806.01125pt x 436.63126pt>
File: graphics/img4.png Graphic file (type png)
<use graphics/img4.png>
Package pdftex.def Info: graphics/img4.png  used on input line 150.
(pdftex.def)             Requested size: 403.00464pt x 218.3151pt.
[5 </home/adri/Documents/Ingenieria-Informatica/Tercer Curso/Primer Cuatrimestre/ISE/P3/graphics/img3.png>]
Overfull \hbox (16.31085pt too wide) in paragraph at lines 155--156
[][][][][][][][][][][][][][][][][][][][][][][][][][] 
 []


Overfull \hbox (45.37624pt too wide) in paragraph at lines 162--163
[]\T1/cmr/m/n/10.95 Descomentamos la li-nea DB-Pass-word=password del ar-chi-vo /et-c/-zab-bi-x/-zab-bix_server.conf. 
 []


Overfull \hbox (23.15251pt too wide) in paragraph at lines 164--165
[]\T1/cmr/m/n/10.95 Descomentamos la li-nea php_value[date.timezone] = Eu-ro-pe/-Ri-ga del ar-chi-vo /etc/php-
 []


Underfull \hbox (badness 10000) in paragraph at lines 170--173

 []

[6 </home/adri/Documents/Ingenieria-Informatica/Tercer Curso/Primer Cuatrimestre/ISE/P3/graphics/img4.png>]
<graphics/img5.png, id=108, 1270.7475pt x 1022.82124pt>
File: graphics/img5.png Graphic file (type png)
<use graphics/img5.png>
Package pdftex.def Info: graphics/img5.png  used on input line 199.
(pdftex.def)             Requested size: 381.22719pt x 306.84874pt.
<graphics/img6.png, id=109, 1256.695pt x 1020.81375pt>
File: graphics/img6.png Graphic file (type png)
<use graphics/img6.png>
Package pdftex.def Info: graphics/img6.png  used on input line 207.
(pdftex.def)             Requested size: 377.01141pt x 306.24649pt.
 [7 </home/adri/Documents/Ingenieria-Informatica/Tercer Curso/Primer Cuatrimestre/ISE/P3/graphics/img5.png>]
<graphics/img7.png, id=122, 851.18pt x 508.90125pt>
File: graphics/img7.png Graphic file (type png)
<use graphics/img7.png>
Package pdftex.def Info: graphics/img7.png  used on input line 215.
(pdftex.def)             Requested size: 340.46596pt x 203.55688pt.
 [8 </home/adri/Documents/Ingenieria-Informatica/Tercer Curso/Primer Cuatrimestre/ISE/P3/graphics/img6.png>]
<graphics/img8.png, id=128, 853.1875pt x 503.8825pt>
File: graphics/img8.png Graphic file (type png)
<use graphics/img8.png>
Package pdftex.def Info: graphics/img8.png  used on input line 223.
(pdftex.def)             Requested size: 341.26895pt x 201.54942pt.
<graphics/img9.png, id=129, 853.1875pt x 504.88625pt>
File: graphics/img9.png Graphic file (type png)
<use graphics/img9.png>
Package pdftex.def Info: graphics/img9.png  used on input line 231.
(pdftex.def)             Requested size: 341.26895pt x 201.95091pt.
 [9 </home/adri/Documents/Ingenieria-Informatica/Tercer Curso/Primer Cuatrimestre/ISE/P3/graphics/img7.png> </home/adri/Documents/Ingenieria-Informatica/Tercer Curso/Primer Cuatrimestre/ISE/P3/graphics/img8.png>]
<graphics/img10.png, id=136, 853.1875pt x 505.89pt>
File: graphics/img10.png Graphic file (type png)
<use graphics/img10.png>
Package pdftex.def Info: graphics/img10.png  used on input line 237.
(pdftex.def)             Requested size: 341.26895pt x 202.3524pt.
<graphics/img11.png, id=137, 373.395pt x 384.43625pt>
File: graphics/img11.png Graphic file (type png)
<use graphics/img11.png>
Package pdftex.def Info: graphics/img11.png  used on input line 250.
(pdftex.def)             Requested size: 149.35535pt x 153.77177pt.
 [10 </home/adri/Documents/Ingenieria-Informatica/Tercer Curso/Primer Cuatrimestre/ISE/P3/graphics/img9.png> </home/adri/Documents/Ingenieria-Informatica/Tercer Curso/Primer Cuatrimestre/ISE/P3/graphics/img10.png>]
<graphics/img12.png, id=148, 1684.2925pt x 953.5625pt>
File: graphics/img12.png Graphic file (type png)
<use graphics/img12.png>
Package pdftex.def Info: graphics/img12.png  used on input line 256.
(pdftex.def)             Requested size: 471.5987pt x 266.99568pt.

Overfull \hbox (53.34314pt too wide) in paragraph at lines 256--257
 [][] 
 []

[11 </home/adri/Documents/Ingenieria-Informatica/Tercer Curso/Primer Cuatrimestre/ISE/P3/graphics/img11.png> </home/adri/Documents/Ingenieria-Informatica/Tercer Curso/Primer Cuatrimestre/ISE/P3/graphics/img12.png>]
<graphics/img20.png, id=155, 908.39375pt x 192.72pt>
File: graphics/img20.png Graphic file (type png)
<use graphics/img20.png>
Package pdftex.def Info: graphics/img20.png  used on input line 269.
(pdftex.def)             Requested size: 454.19577pt x 96.35976pt.

Overfull \hbox (35.94022pt too wide) in paragraph at lines 269--270
 [][] 
 []

<graphics/img21.png, id=156, 872.25874pt x 190.7125pt>
File: graphics/img21.png Graphic file (type png)
<use graphics/img21.png>
Package pdftex.def Info: graphics/img21.png  used on input line 275.
(pdftex.def)             Requested size: 436.1283pt x 95.356pt.

Overfull \hbox (17.87274pt too wide) in paragraph at lines 275--276
 [][] 
 []

<graphics/img22.png, id=157, 889.3225pt x 195.73125pt>
File: graphics/img22.png Graphic file (type png)
<use graphics/img22.png>
Package pdftex.def Info: graphics/img22.png  used on input line 283.
(pdftex.def)             Requested size: 444.66016pt x 97.86537pt.

Overfull \hbox (26.4046pt too wide) in paragraph at lines 283--284
 [][] 
 []

<graphics/img23.png, id=158, 864.22874pt x 348.30125pt>
File: graphics/img23.png Graphic file (type png)
<use graphics/img23.png>
Package pdftex.def Info: graphics/img23.png  used on input line 289.
(pdftex.def)             Requested size: 432.11331pt x 174.15019pt.

Overfull \hbox (13.85776pt too wide) in paragraph at lines 289--290
 [][] 
 []

[12 </home/adri/Documents/Ingenieria-Informatica/Tercer Curso/Primer Cuatrimestre/ISE/P3/graphics/img20.png> </home/adri/Documents/Ingenieria-Informatica/Tercer Curso/Primer Cuatrimestre/ISE/P3/graphics/img21.png> </home/adri/Documents/Ingenieria-Informatica/Tercer Curso/Primer Cuatrimestre/ISE/P3/graphics/img22.png>]
<graphics/img24.png, id=167, 1927.2pt x 364.36125pt>
File: graphics/img24.png Graphic file (type png)
<use graphics/img24.png>
Package pdftex.def Info: graphics/img24.png  used on input line 297.
(pdftex.def)             Requested size: 481.79883pt x 91.09009pt.

Overfull \hbox (63.54327pt too wide) in paragraph at lines 297--298
 [][] 
 []

[13 </home/adri/Documents/Ingenieria-Informatica/Tercer Curso/Primer Cuatrimestre/ISE/P3/graphics/img23.png> </home/adri/Documents/Ingenieria-Informatica/Tercer Curso/Primer Cuatrimestre/ISE/P3/graphics/img24.png>]
<graphics/img25.png, id=175, 1054.94125pt x 527.9725pt>
File: graphics/img25.png Graphic file (type png)
<use graphics/img25.png>
Package pdftex.def Info: graphics/img25.png  used on input line 306.
(pdftex.def)             Requested size: 421.96902pt x 211.18526pt.

Overfull \hbox (3.71347pt too wide) in paragraph at lines 306--307
 [][] 
 []

<graphics/img26.png, id=176, 1735.48375pt x 104.39pt>
File: graphics/img26.png Graphic file (type png)
<use graphics/img26.png>
Package pdftex.def Info: graphics/img26.png  used on input line 314.
(pdftex.def)             Requested size: 433.86987pt x 26.09743pt.

Overfull \hbox (15.61432pt too wide) in paragraph at lines 314--315
 [][] 
 []

<graphics/img27.png, id=177, 1728.4575pt x 296.10625pt>
File: graphics/img27.png Graphic file (type png)
<use graphics/img27.png>
Package pdftex.def Info: graphics/img27.png  used on input line 322.
(pdftex.def)             Requested size: 864.22664pt x 148.05275pt.

Overfull \hbox (445.97108pt too wide) in paragraph at lines 322--323
 [][] 
 []

[14 </home/adri/Documents/Ingenieria-Informatica/Tercer Curso/Primer Cuatrimestre/ISE/P3/graphics/img25.png> </home/adri/Documents/Ingenieria-Informatica/Tercer Curso/Primer Cuatrimestre/ISE/P3/graphics/img26.png> </home/adri/Documents/Ingenieria-Informatica/Tercer Curso/Primer Cuatrimestre/ISE/P3/graphics/img27.png>]
<graphics/img28.png, id=185, 1072.005pt x 564.1075pt>
File: graphics/img28.png Graphic file (type png)
<use graphics/img28.png>
Package pdftex.def Info: graphics/img28.png  used on input line 330.
(pdftex.def)             Requested size: 428.7944pt x 225.63899pt.

Overfull \hbox (10.53885pt too wide) in paragraph at lines 330--331
 [][] 
 []

[15 </home/adri/Documents/Ingenieria-Informatica/Tercer Curso/Primer Cuatrimestre/ISE/P3/graphics/img28.png>]
File: graphics/img28.png Graphic file (type png)
<use graphics/img28.png>
Package pdftex.def Info: graphics/img28.png  used on input line 341.
(pdftex.def)             Requested size: 428.7944pt x 225.63899pt.

Overfull \hbox (10.53885pt too wide) in paragraph at lines 341--342
 [][] 
 []

[16]
<graphics/img29.png, id=196, 855.195pt x 343.2825pt>
File: graphics/img29.png Graphic file (type png)
<use graphics/img29.png>
Package pdftex.def Info: graphics/img29.png  used on input line 354.
(pdftex.def)             Requested size: 427.59647pt x 171.64082pt.

Overfull \hbox (9.34091pt too wide) in paragraph at lines 354--355
 [][] 
 []

<graphics/img30.png, id=197, 671.50874pt x 385.44pt>
File: graphics/img30.png Graphic file (type png)
<use graphics/img30.png>
Package pdftex.def Info: graphics/img30.png  used on input line 362.
(pdftex.def)             Requested size: 335.75356pt x 192.71953pt.
[17 </home/adri/Documents/Ingenieria-Informatica/Tercer Curso/Primer Cuatrimestre/ISE/P3/graphics/img29.png> </home/adri/Documents/Ingenieria-Informatica/Tercer Curso/Primer Cuatrimestre/ISE/P3/graphics/img30.png>]
<graphics/img31.png, id=204, 1005.7575pt x 459.7175pt>
File: graphics/img31.png Graphic file (type png)
<use graphics/img31.png>
Package pdftex.def Info: graphics/img31.png  used on input line 371.
(pdftex.def)             Requested size: 402.29587pt x 183.88373pt.
 [18 </home/adri/Documents/Ingenieria-Informatica/Tercer Curso/Primer Cuatrimestre/ISE/P3/graphics/img31.png>]
<graphics/img13.png, id=210, 810.02625pt x 603.25375pt>
File: graphics/img13.png Graphic file (type png)
<use graphics/img13.png>
Package pdftex.def Info: graphics/img13.png  used on input line 394.
(pdftex.def)             Requested size: 324.00475pt x 241.29723pt.
 [19 </home/adri/Documents/Ingenieria-Informatica/Tercer Curso/Primer Cuatrimestre/ISE/P3/graphics/img13.png>]
<graphics/img14.png, id=219, 805.0075pt x 604.2575pt>
File: graphics/img14.png Graphic file (type png)
<use graphics/img14.png>
Package pdftex.def Info: graphics/img14.png  used on input line 407.
(pdftex.def)             Requested size: 321.9973pt x 241.69872pt.
<graphics/img15.png, id=220, 806.01125pt x 155.58125pt>
File: graphics/img15.png Graphic file (type png)
<use graphics/img15.png>
Package pdftex.def Info: graphics/img15.png  used on input line 419.
(pdftex.def)             Requested size: 322.39879pt x 62.23138pt.
 [20 </home/adri/Documents/Ingenieria-Informatica/Tercer Curso/Primer Cuatrimestre/ISE/P3/graphics/img14.png> </home/adri/Documents/Ingenieria-Informatica/Tercer Curso/Primer Cuatrimestre/ISE/P3/graphics/img15.png>]
Underfull \hbox (badness 10000) in paragraph at lines 435--438

 []

<graphics/img16.png, id=231, 803.0pt x 605.26125pt>
File: graphics/img16.png Graphic file (type png)
<use graphics/img16.png>
Package pdftex.def Info: graphics/img16.png  used on input line 441.
(pdftex.def)             Requested size: 321.1943pt x 242.1002pt.
[21 </home/adri/Documents/Ingenieria-Informatica/Tercer Curso/Primer Cuatrimestre/ISE/P3/graphics/img16.png>]
<graphics/img17.png, id=239, 596.2275pt x 280.04625pt>
File: graphics/img17.png Graphic file (type png)
<use graphics/img17.png>
Package pdftex.def Info: graphics/img17.png  used on input line 456.
(pdftex.def)             Requested size: 238.48677pt x 112.0165pt.

Underfull \hbox (badness 10000) in paragraph at lines 462--467

 []


Underfull \hbox (badness 10000) in paragraph at lines 462--467

 []

<graphics/img18.png, id=240, 785.93625pt x 20.075pt>
File: graphics/img18.png Graphic file (type png)
<use graphics/img18.png>
Package pdftex.def Info: graphics/img18.png  used on input line 475.
(pdftex.def)             Requested size: 314.36893pt x 8.02985pt.
[22 </home/adri/Documents/Ingenieria-Informatica/Tercer Curso/Primer Cuatrimestre/ISE/P3/graphics/img17.png> </home/adri/Documents/Ingenieria-Informatica/Tercer Curso/Primer Cuatrimestre/ISE/P3/graphics/img18.png>]
<graphics/img19.png, id=254, 804.00375pt x 462.72874pt>
File: graphics/img19.png Graphic file (type png)
<use graphics/img19.png>
Package pdftex.def Info: graphics/img19.png  used on input line 484.
(pdftex.def)             Requested size: 402.0009pt x 231.3638pt.
 (/home/adri/Documents/Ingenieria-Informatica/Tercer Curso/Primer Cuatrimestre/ISE/P3/bibliografia.tex [23 </home/adri/Documents/Ingenieria-Informatica/Tercer Curso/Primer Cuatrimestre/ISE/P3/graphics/img19.png>]
LaTeX Font Info:    External font `cmex10' loaded for size
(Font)              <9> on input line 4.
LaTeX Font Info:    External font `cmex10' loaded for size
(Font)              <5> on input line 4.

Overfull \hbox (16.79285pt too wide) in paragraph at lines 4--6
[][][][] [][]$\T1/cmtt/m/n/10.95 https : / / techviewleo . com / install -[] and -[] configure -[] zabbix -[] server -[] on -[] rocky -[] linux/$[][] 
 []


Overfull \hbox (24.60959pt too wide) in paragraph at lines 7--9
[][][][] [][]$\T1/cmtt/m/n/10.95 https : / / www . zabbix . com / download ? zabbix = 5 . 0 & os _ distribution = centos & os _ version =
 []


Overfull \hbox (8.13448pt too wide) in paragraph at lines 10--12
[][][][] [][]$\T1/cmtt/m/n/10.95 https : / / access . redhat . com / documentation / en -[] %20us / red _ hat _ enterprise _ linux /
 []


Overfull \hbox (0.31773pt too wide) in paragraph at lines 13--15
[][][][] [][]$\T1/cmtt/m/n/10.95 https : / / www . how2shout . com / linux / how -[] to -[] install -[] ansible -[] on -[] rocky -[] linux -[] 8 -[]
 []

) [24]

LaTeX3 Info: Redefining command \BeforeClosingMainAux with sig. 'm' on line
(LaTeX3)     494.


LaTeX3 Info: Redefining command \BeforeClosingMainAux with sig. 'm' on line
(LaTeX3)     494.


LaTeX3 Info: Redefining command \BeforeClosingMainAux with sig. 'm' on line
(LaTeX3)     494.

 (/home/adri/Documents/Ingenieria-Informatica/Tercer Curso/Primer Cuatrimestre/ISE/P3/p3_AdrianAcosaSanchez.aux
LaTeX Info: Redefining \. on input line 27.
LaTeX Info: Redefining \% on input line 27.
)
Package rerunfilecheck Info: File `p3_AdrianAcosaSanchez.out' has not changed.
(rerunfilecheck)             Checksum: D41D8CD98F00B204E9800998ECF8427E;0.
 ) 
Here is how much of TeX's memory you used:
 16828 strings out of 478994
 276009 string characters out of 5864750
 923392 words of memory out of 5000000
 33935 multiletter control sequences out of 15000+600000
 418143 words of font info for 56 fonts, out of 8000000 for 9000
 1141 hyphenation exceptions out of 8191
 116i,12n,119p,10724b,1138s stack positions out of 5000i,500n,10000p,200000b,80000s
{/usr/share/texmf-dist/fonts/enc/dvips/cm-super/cm-super-t1.enc}</usr/share/texmf-dist/fonts/type1/public/amsfonts/cm/cmmi10.pfb></usr/share/texmf-dist/fonts/type1/public/cm-super/sfcc1095.pfb></usr/share/texmf-dist/fonts/type1/public/cm-super/sfrm0600.pfb></usr/share/texmf-dist/fonts/type1/public/cm-super/sfrm0800.pfb></usr/share/texmf-dist/fonts/type1/public/cm-super/sfrm0900.pfb></usr/share/texmf-dist/fonts/type1/public/cm-super/sfrm1095.pfb></usr/share/texmf-dist/fonts/type1/public/cm-super/sfrm1440.pfb></usr/share/texmf-dist/fonts/type1/public/cm-super/sfrm2074.pfb></usr/share/texmf-dist/fonts/type1/public/cm-super/sfsx1095.pfb></usr/share/texmf-dist/fonts/type1/public/cm-super/sfsx1200.pfb></usr/share/texmf-dist/fonts/type1/public/cm-super/sfsx1440.pfb></usr/share/texmf-dist/fonts/type1/public/cm-super/sftt1095.pfb></usr/share/texmf-dist/fonts/type1/public/cm-super/sfxc1095.pfb>
Output written on "/home/adri/Documents/Ingenieria-Informatica/Tercer Curso/Primer Cuatrimestre/ISE/P3/p3_AdrianAcosaSanchez.pdf" (24 pages, 1048153 bytes).
PDF statistics:
 400 PDF objects out of 1000 (max. 8388607)
 326 compressed objects within 4 object streams
 139 named destinations out of 1000 (max. 500000)
 244 words of extra memory for PDF output out of 10000 (max. 10000000)

