This is pdfTeX, Version 3.141592653-2.6-1.40.22 (TeX Live 2021/Arch Linux) (preloaded format=pdflatex 2021.11.30)  2 DEC 2021 20:18
entering extended mode
 restricted \write18 enabled.
 file:line:error style messages enabled.
 %&-line parsing enabled.
**/home/adrian/Documents/P3-ISE/plantillaEjemploSimplificada.tex
(/home/adrian/Documents/P3-ISE/plantillaEjemploSimplificada.tex
LaTeX2e <2020-10-01> patch level 4
L3 programming layer <2021-02-18> (/home/adrian/Documents/P3-ISE/preambuloSimple.tex (/usr/share/texmf-dist/tex/latex/koma-script/scrartcl.cls
Document Class: scrartcl 2021/03/17 v3.33 KOMA-Script document class (article)
(/usr/share/texmf-dist/tex/latex/koma-script/scrkbase.sty
Package: scrkbase 2021/03/17 v3.33 KOMA-Script package (KOMA-Script-dependent basics and keyval usage)
 (/usr/share/texmf-dist/tex/latex/koma-script/scrbase.sty
Package: scrbase 2021/03/17 v3.33 KOMA-Script package (KOMA-Script-independent basics and keyval usage)
 (/usr/share/texmf-dist/tex/latex/koma-script/scrlfile.sty
Package: scrlfile 2021/03/17 v3.33 KOMA-Script package (file load hooks)
 (/usr/share/texmf-dist/tex/latex/koma-script/scrlfile-hook.sty
Package: scrlfile-hook 2021/03/17 v3.33 KOMA-Script package (using LaTeX hooks)

LaTeX3 Info: Defining command \BeforeFile with sig. 'm' on line 61.


LaTeX3 Info: Defining command \AfterFile with sig. 'm' on line 65.


LaTeX3 Info: Defining command \BeforeClass with sig. 'm' on line 69.


LaTeX3 Info: Defining command \BeforePackage with sig. 'm' on line 73.


LaTeX3 Info: Defining command \AfterAtEndOfClass with sig. 'smo+m' on line 83.


LaTeX3 Info: Defining command \AfterAtEndOfPackage with sig. 'smo+m' on line
(LaTeX3)     93.


LaTeX3 Info: Defining command \scrlfile@AfterClass with sig. 'smo+m' on line
(LaTeX3)     173.


LaTeX3 Info: Defining command \AfterClass with sig. '' on line 174.


LaTeX3 Info: Defining command \scrlfile@AfterPackage with sig. 'smo+m' on line
(LaTeX3)     191.


LaTeX3 Info: Defining command \AfterPackage with sig. '' on line 192.


LaTeX3 Info: Defining command \ReplaceInput with sig. '' on line 193.


LaTeX3 Info: Defining command \ReplaceClass with sig. 'mm' on line 196.


LaTeX3 Info: Defining command \ReplacePackage with sig. 'mm' on line 199.


LaTeX3 Info: Defining command \UnReplaceInput with sig. '' on line 200.


LaTeX3 Info: Defining command \UnReplaceClass with sig. 'm' on line 203.


LaTeX3 Info: Defining command \UnReplacePackage with sig. 'mm' on line 206.


LaTeX3 Info: Defining command \PreventPackageFromLoading with sig. 's+om' on
(LaTeX3)     line 234.


LaTeX3 Info: Defining command \StorePreventPackageFromLoading with sig. 'm' on
(LaTeX3)     line 242.


LaTeX3 Info: Defining command \ResetPreventPackageFromLoading with sig. '' on
(LaTeX3)     line 247.


LaTeX3 Info: Defining command \UnPreventPackageFromLoading with sig. 'sm' on
(LaTeX3)     line 261.


LaTeX3 Info: Defining command \BeforeClosingMainAux with sig. 'om' on line
(LaTeX3)     274.


LaTeX3 Info: Defining command \AfterReadingMainAux with sig. 'om' on line 287.


LaTeX3 Info: Defining command \protected@immediate@write with sig. 'm+m+m' on
(LaTeX3)     line 298.

 (/usr/share/texmf-dist/tex/latex/koma-script/scrlogo.sty
Package: scrlogo 2021/03/17 v3.33 KOMA-Script package (logo)
))) (/usr/share/texmf-dist/tex/latex/graphics/keyval.sty
Package: keyval 2014/10/28 v1.15 key=value parser (DPC)
\KV@toks@=\toks15
)
Skipping: [2021/05/01] Usage of raw option list on input line 252.
Applying: [0000/00/00] compatibility for LaTeX before 2021/05/01 on input line 337.
)) (/usr/share/texmf-dist/tex/latex/koma-script/tocbasic.sty
Package: tocbasic 2021/03/17 v3.33 KOMA-Script package (handling toc-files)
\scr@dte@tocline@numberwidth=\skip47
\scr@dte@tocline@numbox=\box47
)
Package tocbasic Info: babel extension for `toc' omitted
(tocbasic)             because of missing \bbl@set@language on input line 135.
Class scrartcl Info: File `scrsize11pt.clo' used to setup font sizes on input line 2239.
 (/usr/share/texmf-dist/tex/latex/koma-script/scrsize11pt.clo
File: scrsize11pt.clo 2021/03/17 v3.33 KOMA-Script font size class option (11pt)
) (/usr/share/texmf-dist/tex/latex/koma-script/typearea.sty
Package: typearea 2021/03/17 v3.33 KOMA-Script package (type area)
\ta@bcor=\skip48
\ta@div=\count179
\ta@hblk=\skip49
\ta@vblk=\skip50
\ta@temp=\skip51
\footheight=\skip52
Package typearea Info: These are the values describing the layout:
(typearea)             DIV  = 10
(typearea)             BCOR = 0.0pt
(typearea)             \paperwidth      = 597.50793pt
(typearea)              \textwidth      = 418.25555pt
(typearea)              DIV departure   = -6%
(typearea)              \evensidemargin = 17.3562pt
(typearea)              \oddsidemargin  = 17.3562pt
(typearea)             \paperheight     = 845.04694pt
(typearea)              \textheight     = 595.80026pt
(typearea)              \topmargin      = -25.16531pt
(typearea)              \headheight     = 17.0pt
(typearea)              \headsep        = 20.40001pt
(typearea)              \topskip        = 11.0pt
(typearea)              \footskip       = 47.6pt
(typearea)              \baselineskip   = 13.6pt
(typearea)              on input line 1741.
)
\c@part=\count180
\c@section=\count181
\c@subsection=\count182
\c@subsubsection=\count183
\c@paragraph=\count184
\c@subparagraph=\count185
\scr@dte@section@maxnumwidth=\skip53
Class scrartcl Info: using compatibility default `runin=bysign'
(scrartcl)           for `\section on input line 4846.
Class scrartcl Info: using compatibility default `afterindent=bysign'
(scrartcl)           for `\section on input line 4846.
\scr@dte@part@maxnumwidth=\skip54
Class scrartcl Info: using compatibility default `afterindent=false'
(scrartcl)           for `\part on input line 4854.
\scr@dte@subsection@maxnumwidth=\skip55
Class scrartcl Info: using compatibility default `runin=bysign'
(scrartcl)           for `\subsection on input line 4864.
Class scrartcl Info: using compatibility default `afterindent=bysign'
(scrartcl)           for `\subsection on input line 4864.
\scr@dte@subsubsection@maxnumwidth=\skip56
Class scrartcl Info: using compatibility default `runin=bysign'
(scrartcl)           for `\subsubsection on input line 4874.
Class scrartcl Info: using compatibility default `afterindent=bysign'
(scrartcl)           for `\subsubsection on input line 4874.
\scr@dte@paragraph@maxnumwidth=\skip57
Class scrartcl Info: using compatibility default `runin=bysign'
(scrartcl)           for `\paragraph on input line 4885.
Class scrartcl Info: using compatibility default `afterindent=bysign'
(scrartcl)           for `\paragraph on input line 4885.
\scr@dte@subparagraph@maxnumwidth=\skip58
Class scrartcl Info: using compatibility default `runin=bysign'
(scrartcl)           for `\subparagraph on input line 4895.
Class scrartcl Info: using compatibility default `afterindent=bysign'
(scrartcl)           for `\subparagraph on input line 4895.
\abovecaptionskip=\skip59
\belowcaptionskip=\skip60
\c@pti@nb@sid@b@x=\box48
Package tocbasic Info: babel extension for `lof' omitted
(tocbasic)             because of missing \bbl@set@language on input line 6127.
\scr@dte@figure@maxnumwidth=\skip61
\c@figure=\count186
Package tocbasic Info: babel extension for `lot' omitted
(tocbasic)             because of missing \bbl@set@language on input line 6139.
\scr@dte@table@maxnumwidth=\skip62
\c@table=\count187
Class scrartcl Info: Redefining `\numberline' on input line 6303.
\bibindent=\dimen138
) (/usr/share/texmf-dist/tex/latex/base/fontenc.sty
Package: fontenc 2020/08/10 v2.0s Standard LaTeX package
) (/usr/share/texmf-dist/tex/latex/base/inputenc.sty
Package: inputenc 2020/08/01 v1.3d Input encoding file
\inpenc@prehook=\toks16
\inpenc@posthook=\toks17
) (/usr/share/texmf-dist/tex/generic/babel/babel.sty
Package: babel 2021/03/24 3.56 The Babel package
 (/usr/share/texmf-dist/tex/generic/babel/babel.def
File: babel.def 2021/03/24 3.56 Babel common definitions
\babel@savecnt=\count188
\U@D=\dimen139
\l@babelnohyphens=\language87
 (/usr/share/texmf-dist/tex/generic/babel/txtbabel.def)
\bbl@readstream=\read2
)
\bbl@dirlevel=\count189
 (/usr/share/texmf-dist/tex/generic/babel-spanish/spanish.ldf
Language: spanish.ldf 2016/03/03 v5.0p Spanish support from the babel system
\es@quottoks=\toks18
\es@quotdepth=\count190
Package babel Info: Making " an active character on input line 561.
Package babel Info: Making . an active character on input line 662.
Package babel Info: Making < an active character on input line 707.
Package babel Info: Making > an active character on input line 707.
)) (/usr/share/texmf-dist/tex/latex/listings/listings.sty
\lst@mode=\count191
\lst@gtempboxa=\box49
\lst@token=\toks19
\lst@length=\count192
\lst@currlwidth=\dimen140
\lst@column=\count193
\lst@pos=\count194
\lst@lostspace=\dimen141
\lst@width=\dimen142
\lst@newlines=\count195
\lst@lineno=\count196
\lst@maxwidth=\dimen143
 (/usr/share/texmf-dist/tex/latex/listings/lstmisc.sty
File: lstmisc.sty 2020/03/24 1.8d (Carsten Heinz)
\c@lstnumber=\count197
\lst@skipnumbers=\count198
\lst@framebox=\box50
) (/usr/share/texmf-dist/tex/latex/listings/listings.cfg
File: listings.cfg 2020/03/24 1.8d listings configuration
))
Package: listings 2020/03/24 1.8d (Carsten Heinz)
 (/usr/share/texmf-dist/tex/latex/url/url.sty
\Urlmuskip=\muskip16
Package: url 2013/09/16  ver 3.4  Verb mode for urls, etc.
) (/usr/share/texmf-dist/tex/latex/amsmath/amsmath.sty
Package: amsmath 2020/09/23 v2.17i AMS math features
\@mathmargin=\skip63

For additional information on amsmath, use the `?' option.
(/usr/share/texmf-dist/tex/latex/amsmath/amstext.sty
Package: amstext 2000/06/29 v2.01 AMS text
 (/usr/share/texmf-dist/tex/latex/amsmath/amsgen.sty
File: amsgen.sty 1999/11/30 v2.0 generic functions
\@emptytoks=\toks20
\ex@=\dimen144
)) (/usr/share/texmf-dist/tex/latex/amsmath/amsbsy.sty
Package: amsbsy 1999/11/29 v1.2d Bold Symbols
\pmbraise@=\dimen145
) (/usr/share/texmf-dist/tex/latex/amsmath/amsopn.sty
Package: amsopn 2016/03/08 v2.02 operator names
)
\inf@bad=\count199
LaTeX Info: Redefining \frac on input line 234.
\uproot@=\count266
\leftroot@=\count267
LaTeX Info: Redefining \overline on input line 399.
\classnum@=\count268
\DOTSCASE@=\count269
LaTeX Info: Redefining \ldots on input line 496.
LaTeX Info: Redefining \dots on input line 499.
LaTeX Info: Redefining \cdots on input line 620.
\Mathstrutbox@=\box51
\strutbox@=\box52
\big@size=\dimen146
LaTeX Font Info:    Redeclaring font encoding OML on input line 743.
LaTeX Font Info:    Redeclaring font encoding OMS on input line 744.
\macc@depth=\count270
\c@MaxMatrixCols=\count271
\dotsspace@=\muskip17
\c@parentequation=\count272
\dspbrk@lvl=\count273
\tag@help=\toks21
\row@=\count274
\column@=\count275
\maxfields@=\count276
\andhelp@=\toks22
\eqnshift@=\dimen147
\alignsep@=\dimen148
\tagshift@=\dimen149
\tagwidth@=\dimen150
\totwidth@=\dimen151
\lineht@=\dimen152
\@envbody=\toks23
\multlinegap=\skip64
\multlinetaggap=\skip65
\mathdisplay@stack=\toks24
LaTeX Info: Redefining \[ on input line 2923.
LaTeX Info: Redefining \] on input line 2924.
) (/usr/share/texmf-dist/tex/latex/amsfonts/amsfonts.sty
Package: amsfonts 2013/01/14 v3.01 Basic AMSFonts support
\symAMSa=\mathgroup4
\symAMSb=\mathgroup5
LaTeX Font Info:    Redeclaring math symbol \hbar on input line 98.
LaTeX Font Info:    Overwriting math alphabet `\mathfrak' in version `bold'
(Font)                  U/euf/m/n --> U/euf/b/n on input line 106.
) (/usr/share/texmf-dist/tex/latex/amscls/amsthm.sty
Package: amsthm 2020/05/29 v2.20.6
\thm@style=\toks25
\thm@bodyfont=\toks26
\thm@headfont=\toks27
\thm@notefont=\toks28
\thm@headpunct=\toks29
\thm@preskip=\skip66
\thm@postskip=\skip67
\thm@headsep=\skip68
\dth@everypar=\toks30
) (/usr/share/texmf-dist/tex/latex/xpatch/xpatch.sty (/usr/share/texmf-dist/tex/latex/l3kernel/expl3.sty
Package: expl3 2021-02-18 L3 programming layer (loader) 
 (/usr/share/texmf-dist/tex/latex/l3backend/l3backend-pdftex.def
File: l3backend-pdftex.def 2021-03-18 L3 backend support: PDF output (pdfTeX)
\l__color_backend_stack_int=\count277
\l__pdf_internal_box=\box53
))
Package: xpatch 2020/03/25 v0.3a Extending etoolbox patching commands
 (/usr/share/texmf-dist/tex/latex/l3packages/xparse/xparse.sty (/usr/share/texmf-dist/tex/latex/l3packages/xparse/xparse-2020-10-01.sty (/usr/share/texmf-dist/tex/latex/l3packages/xparse/xparse-generic.tex))) (/usr/share/texmf-dist/tex/latex/etoolbox/etoolbox.sty
Package: etoolbox 2020/10/05 v2.5k e-TeX tools for LaTeX (JAW)
\etb@tempcnta=\count278
))
Class scrartcl Info: amsthm's \deferred@thm@head patched.
 (/usr/share/texmf-dist/tex/latex/graphics/graphics.sty
Package: graphics 2020/08/30 v1.4c Standard LaTeX Graphics (DPC,SPQR)
 (/usr/share/texmf-dist/tex/latex/graphics/trig.sty
Package: trig 2016/01/03 v1.10 sin cos tan (DPC)
) (/usr/share/texmf-dist/tex/latex/graphics-cfg/graphics.cfg
File: graphics.cfg 2016/06/04 v1.11 sample graphics configuration
)
Package graphics Info: Driver file: pdftex.def on input line 105.
 (/usr/share/texmf-dist/tex/latex/graphics-def/pdftex.def
File: pdftex.def 2020/10/05 v1.2a Graphics/color driver for pdftex
)) (/usr/share/texmf-dist/tex/latex/graphics/graphicx.sty
Package: graphicx 2020/09/09 v1.2b Enhanced LaTeX Graphics (DPC,SPQR)
\Gin@req@height=\dimen153
\Gin@req@width=\dimen154
) (/usr/share/texmf-dist/tex/latex/float/float.sty
Package: float 2001/11/08 v1.3d Float enhancements (AL)
\c@float@type=\count279
\float@exts=\toks31
\float@box=\box54
\@float@everytoks=\toks32
\@floatcapt=\box55
)

Class scrartcl Warning: Usage of package `fancyhdr' together
(scrartcl)              with a KOMA-Script class is not recommended.
(scrartcl)              I'd suggest to use 
(scrartcl)              package `scrlayer' or `scrlayer-scrpage', because
(scrartcl)              they support KOMA-Script classes.
(scrartcl)              With `fancyhdr' several features of class `scrartcl'
(scrartcl)              like options `headsepline', `footsepline' or command
(scrartcl)              `\MakeMarkcase' and the commands `\setkomafont' and
(scrartcl)              `\addtokomafont' for the page style elements need
(scrartcl)              explicite user intervention to work.
(scrartcl)              Nevertheless, using requested
(scrartcl)              package `fancyhdr' on input line 44.

(/usr/share/texmf-dist/tex/latex/fancyhdr/fancyhdr.sty
Package: fancyhdr 2021/01/28 v4.0.1 Extensive control of page headers and footers
\f@nch@headwidth=\skip69
\f@nch@O@elh=\skip70
\f@nch@O@erh=\skip71
\f@nch@O@olh=\skip72
\f@nch@O@orh=\skip73
\f@nch@O@elf=\skip74
\f@nch@O@erf=\skip75
\f@nch@O@olf=\skip76
\f@nch@O@orf=\skip77
)) (/home/adrian/Documents/P3-ISE/plantillaEjemploSimplificada.aux
LaTeX Info: Redefining \. on input line 9.
LaTeX Info: Redefining \% on input line 9.
)
\openout1 = `plantillaEjemploSimplificada.aux'.

LaTeX Font Info:    Checking defaults for OML/cmm/m/it on input line 23.
LaTeX Font Info:    ... okay on input line 23.
LaTeX Font Info:    Checking defaults for OMS/cmsy/m/n on input line 23.
LaTeX Font Info:    ... okay on input line 23.
LaTeX Font Info:    Checking defaults for OT1/cmr/m/n on input line 23.
LaTeX Font Info:    ... okay on input line 23.
LaTeX Font Info:    Checking defaults for T1/cmr/m/n on input line 23.
LaTeX Font Info:    ... okay on input line 23.
LaTeX Font Info:    Checking defaults for TS1/cmr/m/n on input line 23.
LaTeX Font Info:    ... okay on input line 23.
LaTeX Font Info:    Checking defaults for OMX/cmex/m/n on input line 23.
LaTeX Font Info:    ... okay on input line 23.
LaTeX Font Info:    Checking defaults for U/cmr/m/n on input line 23.
LaTeX Font Info:    ... okay on input line 23.
LaTeX Info: Redefining \. on input line 23.
LaTeX Info: Redefining \% on input line 23.
\c@lstlisting=\count280
 (/usr/share/texmf-dist/tex/context/base/mkii/supp-pdf.mkii
[Loading MPS to PDF converter (version 2006.09.02).]
\scratchcounter=\count281
\scratchdimen=\dimen155
\scratchbox=\box56
\nofMPsegments=\count282
\nofMParguments=\count283
\everyMPshowfont=\toks33
\MPscratchCnt=\count284
\MPscratchDim=\dimen156
\MPnumerator=\count285
\makeMPintoPDFobject=\count286
\everyMPtoPDFconversion=\toks34
) (/usr/share/texmf-dist/tex/latex/epstopdf-pkg/epstopdf-base.sty
Package: epstopdf-base 2020-01-24 v2.11 Base part for package epstopdf
Package epstopdf-base Info: Redefining graphics rule for `.eps' on input line 485.
 (/usr/share/texmf-dist/tex/latex/latexconfig/epstopdf-sys.cfg
File: epstopdf-sys.cfg 2010/07/13 v1.3 Configuration of (r)epstopdf for TeX Live
))
LaTeX Font Info:    Trying to load font information for T1+cmss on input line 26.
 (/usr/share/texmf-dist/tex/latex/base/t1cmss.fd
File: t1cmss.fd 2019/12/16 v2.5j Standard LaTeX font definitions
)
LaTeX Font Info:    Trying to load font information for U+msa on input line 26.
 (/usr/share/texmf-dist/tex/latex/amsfonts/umsa.fd
File: umsa.fd 2013/01/14 v3.01 AMS symbols A
)
LaTeX Font Info:    Trying to load font information for U+msb on input line 26.
 (/usr/share/texmf-dist/tex/latex/amsfonts/umsb.fd
File: umsb.fd 2013/01/14 v3.01 AMS symbols B
) [1


{/var/lib/texmf/fonts/map/pdftex/updmap/pdftex.map}] (/home/adrian/Documents/P3-ISE/plantillaEjemploSimplificada.toc
LaTeX Info: Redefining \. on input line 1.
LaTeX Info: Redefining \% on input line 1.
Package tocbasic Info: Using my definition of `\numberline' on input line 2.
Package tocbasic Info: Using my definition of `\numberline' on input line 3.
Package tocbasic Info: Using my definition of `\numberline' on input line 4.
Package tocbasic Info: Using my definition of `\numberline' on input line 5.
Package tocbasic Info: Using my definition of `\numberline' on input line 6.
Package tocbasic Info: Using my definition of `\numberline' on input line 7.
Package tocbasic Info: Using my definition of `\numberline' on input line 8.
Package tocbasic Info: Using my definition of `\numberline' on input line 9.
Package tocbasic Info: Using my definition of `\numberline' on input line 10.
Package tocbasic Info: Using my definition of `\numberline' on input line 11.
Package tocbasic Info: Using my definition of `\numberline' on input line 12.
)
\tf@toc=\write3
\openout3 = `plantillaEjemploSimplificada.toc'.

 [2] (/usr/share/texmf-dist/tex/latex/listings/lstlang1.sty
File: lstlang1.sty 2020/03/24 1.8d listings language file
) (/usr/share/texmf-dist/tex/latex/listings/lstlang1.sty
File: lstlang1.sty 2020/03/24 1.8d listings language file
)
LaTeX Font Info:    Trying to load font information for T1+cmtt on input line 43.
 (/usr/share/texmf-dist/tex/latex/base/t1cmtt.fd
File: t1cmtt.fd 2019/12/16 v2.5j Standard LaTeX font definitions
)
<graphics/img1.png, id=16, 703.62875pt x 534.99875pt>
File: graphics/img1.png Graphic file (type png)
<use graphics/img1.png>
Package pdftex.def Info: graphics/img1.png  used on input line 51.
(pdftex.def)             Requested size: 281.4465pt x 213.9957pt.
<graphics/img2.png, id=17, 651.43375pt x 56.21pt>
File: graphics/img2.png Graphic file (type png)
<use graphics/img2.png>
Package pdftex.def Info: graphics/img2.png  used on input line 65.
(pdftex.def)             Requested size: 260.56888pt x 22.4836pt.
 [3 </home/adrian/Documents/P3-ISE/graphics/img1.png> </home/adrian/Documents/P3-ISE/graphics/img2.png>] [4]
<graphics/img3.png, id=26, 803.0pt x 256.96pt>
File: graphics/img3.png Graphic file (type png)
<use graphics/img3.png>
Package pdftex.def Info: graphics/img3.png  used on input line 127.
(pdftex.def)             Requested size: 401.49902pt x 128.47968pt.

Overfull \hbox (36.68115pt too wide) in paragraph at lines 143--144
[][][][][][][][][][][][][][][][][][][] 
 []


Overfull \hbox (2.73065pt too wide) in paragraph at lines 144--145
[][][][][][][][][][][][][][][][] 
 []

<graphics/img4.png, id=27, 806.01125pt x 436.63126pt>
File: graphics/img4.png Graphic file (type png)
<use graphics/img4.png>
Package pdftex.def Info: graphics/img4.png  used on input line 150.
(pdftex.def)             Requested size: 403.00464pt x 218.3151pt.
[5 </home/adrian/Documents/P3-ISE/graphics/img3.png>]
Overfull \hbox (16.31085pt too wide) in paragraph at lines 155--156
[][][][][][][][][][][][][][][][][][][][][][][][][] 
 []


Overfull \hbox (45.37624pt too wide) in paragraph at lines 162--163
[]\T1/cmr/m/n/10.95 Descomentamos la li-nea DB-Pass-word=password del ar-chi-vo /et-c/-zab-bi-x/-zab-bix_server.conf. 
 []


Overfull \hbox (23.15251pt too wide) in paragraph at lines 164--165
[]\T1/cmr/m/n/10.95 Descomentamos la li-nea php_value[date.timezone] = Eu-ro-pe/-Ri-ga del ar-chi-vo /etc/php-
 []


Underfull \hbox (badness 10000) in paragraph at lines 170--173

 []

[6 </home/adrian/Documents/P3-ISE/graphics/img4.png>]
<graphics/img5.png, id=34, 1270.7475pt x 1022.82124pt>
File: graphics/img5.png Graphic file (type png)
<use graphics/img5.png>
Package pdftex.def Info: graphics/img5.png  used on input line 199.
(pdftex.def)             Requested size: 381.22719pt x 306.84874pt.
<graphics/img6.png, id=35, 1256.695pt x 1020.81375pt>
File: graphics/img6.png Graphic file (type png)
<use graphics/img6.png>
Package pdftex.def Info: graphics/img6.png  used on input line 207.
(pdftex.def)             Requested size: 377.01141pt x 306.24649pt.
 [7 </home/adrian/Documents/P3-ISE/graphics/img5.png>]
<graphics/img7.png, id=40, 851.18pt x 508.90125pt>
File: graphics/img7.png Graphic file (type png)
<use graphics/img7.png>
Package pdftex.def Info: graphics/img7.png  used on input line 215.
(pdftex.def)             Requested size: 340.46596pt x 203.55688pt.
 [8 </home/adrian/Documents/P3-ISE/graphics/img6.png>]
<graphics/img8.png, id=44, 853.1875pt x 503.8825pt>
File: graphics/img8.png Graphic file (type png)
<use graphics/img8.png>
Package pdftex.def Info: graphics/img8.png  used on input line 223.
(pdftex.def)             Requested size: 341.26895pt x 201.54942pt.
<graphics/img9.png, id=45, 853.1875pt x 504.88625pt>
File: graphics/img9.png Graphic file (type png)
<use graphics/img9.png>
Package pdftex.def Info: graphics/img9.png  used on input line 231.
(pdftex.def)             Requested size: 341.26895pt x 201.95091pt.
 [9 </home/adrian/Documents/P3-ISE/graphics/img7.png> </home/adrian/Documents/P3-ISE/graphics/img8.png>]
<graphics/img10.png, id=49, 853.1875pt x 505.89pt>
File: graphics/img10.png Graphic file (type png)
<use graphics/img10.png>
Package pdftex.def Info: graphics/img10.png  used on input line 237.
(pdftex.def)             Requested size: 341.26895pt x 202.3524pt.
<graphics/img11.png, id=50, 373.395pt x 384.43625pt>
File: graphics/img11.png Graphic file (type png)
<use graphics/img11.png>
Package pdftex.def Info: graphics/img11.png  used on input line 250.
(pdftex.def)             Requested size: 149.35535pt x 153.77177pt.
 [10 </home/adrian/Documents/P3-ISE/graphics/img9.png> </home/adrian/Documents/P3-ISE/graphics/img10.png>]
<graphics/img12.png, id=54, 1684.2925pt x 953.5625pt>
File: graphics/img12.png Graphic file (type png)
<use graphics/img12.png>
Package pdftex.def Info: graphics/img12.png  used on input line 256.
(pdftex.def)             Requested size: 471.5987pt x 266.99568pt.

Overfull \hbox (53.34314pt too wide) in paragraph at lines 256--257
 [][] 
 []

[11 </home/adrian/Documents/P3-ISE/graphics/img11.png> </home/adrian/Documents/P3-ISE/graphics/img12.png>] [12] [13] [14]
<graphics/img13.png, id=68, 810.02625pt x 603.25375pt>
File: graphics/img13.png Graphic file (type png)
<use graphics/img13.png>
Package pdftex.def Info: graphics/img13.png  used on input line 290.
(pdftex.def)             Requested size: 324.00475pt x 241.29723pt.
 [15 </home/adrian/Documents/P3-ISE/graphics/img13.png>]
<graphics/img14.png, id=72, 805.0075pt x 604.2575pt>
File: graphics/img14.png Graphic file (type png)
<use graphics/img14.png>
Package pdftex.def Info: graphics/img14.png  used on input line 303.
(pdftex.def)             Requested size: 321.9973pt x 241.69872pt.
<graphics/img15.png, id=73, 806.01125pt x 155.58125pt>
File: graphics/img15.png Graphic file (type png)
<use graphics/img15.png>
Package pdftex.def Info: graphics/img15.png  used on input line 315.
(pdftex.def)             Requested size: 322.39879pt x 62.23138pt.
 [16 </home/adrian/Documents/P3-ISE/graphics/img14.png> </home/adrian/Documents/P3-ISE/graphics/img15.png>]
Underfull \hbox (badness 10000) in paragraph at lines 331--334

 []

<graphics/img16.png, id=77, 803.0pt x 605.26125pt>
File: graphics/img16.png Graphic file (type png)
<use graphics/img16.png>
Package pdftex.def Info: graphics/img16.png  used on input line 337.
(pdftex.def)             Requested size: 321.1943pt x 242.1002pt.
[17 </home/adrian/Documents/P3-ISE/graphics/img16.png>]
<graphics/img17.png, id=81, 596.2275pt x 280.04625pt>
File: graphics/img17.png Graphic file (type png)
<use graphics/img17.png>
Package pdftex.def Info: graphics/img17.png  used on input line 352.
(pdftex.def)             Requested size: 238.48677pt x 112.0165pt.

Underfull \hbox (badness 10000) in paragraph at lines 358--363

 []


Underfull \hbox (badness 10000) in paragraph at lines 358--363

 []

<graphics/img18.png, id=82, 785.93625pt x 20.075pt>
File: graphics/img18.png Graphic file (type png)
<use graphics/img18.png>
Package pdftex.def Info: graphics/img18.png  used on input line 371.
(pdftex.def)             Requested size: 314.36893pt x 8.02985pt.
[18 </home/adrian/Documents/P3-ISE/graphics/img17.png> </home/adrian/Documents/P3-ISE/graphics/img18.png>]
<graphics/img19.png, id=86, 804.00375pt x 462.72874pt>
File: graphics/img19.png Graphic file (type png)
<use graphics/img19.png>
Package pdftex.def Info: graphics/img19.png  used on input line 380.
(pdftex.def)             Requested size: 402.0009pt x 231.3638pt.
 [19 </home/adrian/Documents/P3-ISE/graphics/img19.png>] (/home/adrian/Documents/P3-ISE/plantillaEjemploSimplificada.bbl

LaTeX Warning: Empty `thebibliography' environment or \BreakBibliography
               before end of `thebibliography' environment on input line 3.

) [20] (/home/adrian/Documents/P3-ISE/plantillaEjemploSimplificada.aux
LaTeX Info: Redefining \. on input line 9.
LaTeX Info: Redefining \% on input line 9.
) ) 
Here is how much of TeX's memory you used:
 9007 strings out of 478994
 152911 string characters out of 5864750
 778515 words of memory out of 5000000
 26356 multiletter control sequences out of 15000+600000
 418531 words of font info for 67 fonts, out of 8000000 for 9000
 1141 hyphenation exceptions out of 8191
 116i,11n,119p,10681b,1133s stack positions out of 5000i,500n,10000p,200000b,80000s
{/usr/share/texmf-dist/fonts/enc/dvips/cm-super/cm-super-t1.enc}</usr/share/texmf-dist/fonts/type1/public/cm-super/sfcc1095.pfb></usr/share/texmf-dist/fonts/type1/public/cm-super/sfrm1095.pfb></usr/share/texmf-dist/fonts/type1/public/cm-super/sfrm1440.pfb></usr/share/texmf-dist/fonts/type1/public/cm-super/sfrm2074.pfb></usr/share/texmf-dist/fonts/type1/public/cm-super/sfsx1095.pfb></usr/share/texmf-dist/fonts/type1/public/cm-super/sfsx1200.pfb></usr/share/texmf-dist/fonts/type1/public/cm-super/sfsx1440.pfb></usr/share/texmf-dist/fonts/type1/public/cm-super/sftt1095.pfb></usr/share/texmf-dist/fonts/type1/public/cm-super/sfxc1095.pfb>
Output written on /home/adrian/Documents/P3-ISE/plantillaEjemploSimplificada.pdf (20 pages, 603336 bytes).
PDF statistics:
 125 PDF objects out of 1000 (max. 8388607)
 74 compressed objects within 1 object stream
 0 named destinations out of 1000 (max. 500000)
 96 words of extra memory for PDF output out of 10000 (max. 10000000)

